<?xml version="1.0" encoding="UTF-8"?>
<testsuite xmlns:xsi="http://www.w3.org/2001/XMLSchema-instance" xsi:noNamespaceSchemaLocation="https://maven.apache.org/surefire/maven-surefire-plugin/xsd/surefire-test-report-3.0.xsd" version="3.0" name="RunServiceTest" time="6.635" tests="3" errors="0" skipped="0" failures="0">
  <properties>
[...]
</properties>
  <testcase name="testCode(int)[1]" classname="RunServiceTest" time="2.591">
    <system-out><![CDATA[  .   ____          _            __ _ _
 /\\ / ___'_ __ _ _(_)_ __  __ _ \ \ \ \
( ( )\___ | '_ | '_| | '_ \/ _` | \ \ \ \
 \\/  ___)| |_)| | | | | || (_| |  ) ) ) )
  '  |____| .__|_| |_|_| |_\__, | / / / /
 =========|_|==============|___/=/_/_/_/

 :: Spring Boot ::                (v3.3.0)

2025-07-05T00:06:26.213+08:00  INFO 20740 --- [run] [           main] RunServiceTest                           : No active profile set, falling back to 1 default profile: "default"
2025-07-05T00:06:26.215+08:00 DEBUG 20740 --- [run] [           main] o.s.boot.SpringApplication               : Loading source class com.OMS.run.service.impl.runServiceImpl,class org.springframework.cloud.bootstrap.BootstrapApplicationListener$BootstrapMarkerConfiguration
2025-07-05T00:06:26.217+08:00 DEBUG 20740 --- [run] [           main] o.s.w.c.s.GenericWebApplicationContext   : Refreshing org.springframework.web.context.support.GenericWebApplicationContext@33db72bd
2025-07-05T00:06:26.222+08:00 DEBUG 20740 --- [run] [           main] o.s.b.f.s.DefaultListableBeanFactory     : Creating shared instance of singleton bean 'org.springframework.context.annotation.internalConfigurationAnnotationProcessor'
2025-07-05T00:06:26.222+08:00 DEBUG 20740 --- [run] [           main] o.s.b.f.s.DefaultListableBeanFactory     : Creating shared instance of singleton bean 'org.springframework.boot.autoconfigure.internalCachingMetadataReaderFactory'
2025-07-05T00:06:26.225+08:00 DEBUG 20740 --- [run] [           main] o.s.b.f.s.DefaultListableBeanFactory     : Creating shared instance of singleton bean 'org.springframework.boot.test.mock.mockito.MockitoPostProcessor'
2025-07-05T00:06:26.226+08:00 DEBUG 20740 --- [run] [           main] o.s.b.f.s.DefaultListableBeanFactory     : Creating shared instance of singleton bean 'org.springframework.context.event.internalEventListenerProcessor'
2025-07-05T00:06:26.226+08:00 DEBUG 20740 --- [run] [           main] o.s.b.f.s.DefaultListableBeanFactory     : Creating shared instance of singleton bean 'org.springframework.context.event.internalEventListenerFactory'
2025-07-05T00:06:26.227+08:00 DEBUG 20740 --- [run] [           main] o.s.b.f.s.DefaultListableBeanFactory     : Creating shared instance of singleton bean 'org.springframework.boot.test.mock.mockito.MockitoPostProcessor$SpyPostProcessor'
2025-07-05T00:06:26.227+08:00 DEBUG 20740 --- [run] [           main] o.s.b.f.s.DefaultListableBeanFactory     : Creating shared instance of singleton bean 'org.springframework.context.annotation.internalAutowiredAnnotationProcessor'
2025-07-05T00:06:26.228+08:00 DEBUG 20740 --- [run] [           main] o.s.b.f.s.DefaultListableBeanFactory     : Creating shared instance of singleton bean 'org.springframework.context.annotation.internalCommonAnnotationProcessor'
2025-07-05T00:06:26.229+08:00 DEBUG 20740 --- [run] [           main] o.s.u.c.s.UiApplicationContextUtils      : Unable to locate ThemeSource with name 'themeSource': using default [org.springframework.ui.context.support.ResourceBundleThemeSource@30a7c98f]
2025-07-05T00:06:26.230+08:00 DEBUG 20740 --- [run] [           main] o.s.b.f.s.DefaultListableBeanFactory     : Creating shared instance of singleton bean 'runServiceImpl'
2025-07-05T00:06:26.230+08:00 DEBUG 20740 --- [run] [           main] o.s.b.f.s.DefaultListableBeanFactory     : Creating shared instance of singleton bean 'bootstrapApplicationListener.BootstrapMarkerConfiguration'
2025-07-05T00:06:26.234+08:00  INFO 20740 --- [run] [           main] RunServiceTest                           : Started RunServiceTest in 0.833 seconds (process running for 1.788)
2025-07-05T00:06:26.236+08:00 DEBUG 20740 --- [run] [           main] org.springframework.test.context.cache   : Spring test ApplicationContext cache statistics: [DefaultContextCache@173f73e7 size = 1, maxSize = 32, parentContextCount = 0, hitCount = 0, missCount = 1, failureCount = 0]
2025-07-05T00:06:26.237+08:00 DEBUG 20740 --- [run] [           main] o.s.t.c.w.ServletTestExecutionListener   : Setting up MockHttpServletRequest, MockHttpServletResponse, ServletWebRequest, and RequestContextHolder for test class RunServiceTest
2025-07-05T00:06:26.245+08:00 DEBUG 20740 --- [run] [           main] DependencyInjectionTestExecutionListener : Performing dependency injection for test class RunServiceTest
2025-07-05T00:06:26.245+08:00 DEBUG 20740 --- [run] [           main] org.springframework.test.context.cache   : Spring test ApplicationContext cache statistics: [DefaultContextCache@173f73e7 size = 1, maxSize = 32, parentContextCount = 0, hitCount = 1, missCount = 1, failureCount = 0]
2025-07-05T00:06:26.247+08:00 DEBUG 20740 --- [run] [           main] org.springframework.test.context.cache   : Spring test ApplicationContext cache statistics: [DefaultContextCache@173f73e7 size = 1, maxSize = 32, parentContextCount = 0, hitCount = 2, missCount = 1, failureCount = 0]
2025-07-05T00:06:26.253+08:00 DEBUG 20740 --- [run] [           main] sContextBeforeModesTestExecutionListener : Before test method: class [RunServiceTest], method [testCode], class annotated with @DirtiesContext [false] with mode [null], method annotated with @DirtiesContext [false] with mode [null]
2025-07-05T00:06:26.257+08:00 DEBUG 20740 --- [run] [           main] org.springframework.test.context.cache   : Spring test ApplicationContext cache statistics: [DefaultContextCache@173f73e7 size = 1, maxSize = 32, parentContextCount = 0, hitCount = 3, missCount = 1, failureCount = 0]
2025-07-05T00:06:26.257+08:00 DEBUG 20740 --- [run] [           main] org.springframework.test.context.cache   : Spring test ApplicationContext cache statistics: [DefaultContextCache@173f73e7 size = 1, maxSize = 32, parentContextCount = 0, hitCount = 4, missCount = 1, failureCount = 0]
2025-07-05T00:06:27.258+08:00 DEBUG 20740 --- [run] [           main] org.springframework.test.context.cache   : Spring test ApplicationContext cache statistics: [DefaultContextCache@173f73e7 size = 1, maxSize = 32, parentContextCount = 0, hitCount = 5, missCount = 1, failureCount = 0]
--------------1----------------
resultVO{status=0, data=[6,15,24], error='Execution completed'}
2025-07-05T00:06:28.828+08:00 DEBUG 20740 --- [run] [           main] org.springframework.test.context.cache   : Spring test ApplicationContext cache statistics: [DefaultContextCache@173f73e7 size = 1, maxSize = 32, parentContextCount = 0, hitCount = 6, missCount = 1, failureCount = 0]
2025-07-05T00:06:28.829+08:00 DEBUG 20740 --- [run] [           main] org.springframework.test.context.cache   : Spring test ApplicationContext cache statistics: [DefaultContextCache@173f73e7 size = 1, maxSize = 32, parentContextCount = 0, hitCount = 7, missCount = 1, failureCount = 0]
2025-07-05T00:06:28.830+08:00 DEBUG 20740 --- [run] [           main] org.springframework.test.context.cache   : Spring test ApplicationContext cache statistics: [DefaultContextCache@173f73e7 size = 1, maxSize = 32, parentContextCount = 0, hitCount = 8, missCount = 1, failureCount = 0]
2025-07-05T00:06:28.831+08:00 DEBUG 20740 --- [run] [           main] org.springframework.test.context.cache   : Spring test ApplicationContext cache statistics: [DefaultContextCache@173f73e7 size = 1, maxSize = 32, parentContextCount = 0, hitCount = 9, missCount = 1, failureCount = 0]
2025-07-05T00:06:28.832+08:00 DEBUG 20740 --- [run] [           main] org.springframework.test.context.cache   : Spring test ApplicationContext cache statistics: [DefaultContextCache@173f73e7 size = 1, maxSize = 32, parentContextCount = 0, hitCount = 10, missCount = 1, failureCount = 0]
2025-07-05T00:06:28.833+08:00 DEBUG 20740 --- [run] [           main] org.springframework.test.context.cache   : Spring test ApplicationContext cache statistics: [DefaultContextCache@173f73e7 size = 1, maxSize = 32, parentContextCount = 0, hitCount = 11, missCount = 1, failureCount = 0]
2025-07-05T00:06:28.833+08:00 DEBUG 20740 --- [run] [           main] .c.s.DirtiesContextTestExecutionListener : After test method: class [RunServiceTest], method [testCode], class annotated with @DirtiesContext [false] with mode [null], method annotated with @DirtiesContext [false] with mode [null]
2025-07-05T00:06:28.833+08:00 DEBUG 20740 --- [run] [           main] o.s.t.c.w.ServletTestExecutionListener   : Resetting RequestContextHolder for test class RunServiceTest
]]></system-out>
    <system-err><![CDATA[WARNING: A Java agent has been loaded dynamically (C:\Users\Administrator\.m2\repository\net\bytebuddy\byte-buddy-agent\1.14.16\byte-buddy-agent-1.14.16.jar)
WARNING: If a serviceability tool is in use, please run with -XX:+EnableDynamicAgentLoading to hide this warning
WARNING: If a serviceability tool is not in use, please run with -Djdk.instrument.traceUsage for more information
WARNING: Dynamic loading of agents will be disallowed by default in a future release
]]></system-err>
  </testcase>
  <testcase name="testCode(int)[2]" classname="RunServiceTest" time="0.407">
    <system-out><![CDATA[2025-07-05T00:06:28.842+08:00 DEBUG 20740 --- [run] [           main] org.springframework.test.context.cache   : Spring test ApplicationContext cache statistics: [DefaultContextCache@173f73e7 size = 1, maxSize = 32, parentContextCount = 0, hitCount = 12, missCount = 1, failureCount = 0]
2025-07-05T00:06:28.842+08:00 DEBUG 20740 --- [run] [           main] o.s.t.c.w.ServletTestExecutionListener   : Setting up MockHttpServletRequest, MockHttpServletResponse, ServletWebRequest, and RequestContextHolder for test class RunServiceTest
2025-07-05T00:06:28.843+08:00 DEBUG 20740 --- [run] [           main] DependencyInjectionTestExecutionListener : Performing dependency injection for test class RunServiceTest
2025-07-05T00:06:28.843+08:00 DEBUG 20740 --- [run] [           main] org.springframework.test.context.cache   : Spring test ApplicationContext cache statistics: [DefaultContextCache@173f73e7 size = 1, maxSize = 32, parentContextCount = 0, hitCount = 13, missCount = 1, failureCount = 0]
2025-07-05T00:06:28.843+08:00 DEBUG 20740 --- [run] [           main] org.springframework.test.context.cache   : Spring test ApplicationContext cache statistics: [DefaultContextCache@173f73e7 size = 1, maxSize = 32, parentContextCount = 0, hitCount = 14, missCount = 1, failureCount = 0]
2025-07-05T00:06:28.844+08:00 DEBUG 20740 --- [run] [           main] sContextBeforeModesTestExecutionListener : Before test method: class [RunServiceTest], method [testCode], class annotated with @DirtiesContext [false] with mode [null], method annotated with @DirtiesContext [false] with mode [null]
2025-07-05T00:06:28.845+08:00 DEBUG 20740 --- [run] [           main] org.springframework.test.context.cache   : Spring test ApplicationContext cache statistics: [DefaultContextCache@173f73e7 size = 1, maxSize = 32, parentContextCount = 0, hitCount = 15, missCount = 1, failureCount = 0]
2025-07-05T00:06:28.845+08:00 DEBUG 20740 --- [run] [           main] org.springframework.test.context.cache   : Spring test ApplicationContext cache statistics: [DefaultContextCache@173f73e7 size = 1, maxSize = 32, parentContextCount = 0, hitCount = 16, missCount = 1, failureCount = 0]
2025-07-05T00:06:28.845+08:00 DEBUG 20740 --- [run] [           main] org.springframework.test.context.cache   : Spring test ApplicationContext cache statistics: [DefaultContextCache@173f73e7 size = 1, maxSize = 32, parentContextCount = 0, hitCount = 17, missCount = 1, failureCount = 0]
--------------2----------------
resultVO{status=2, data=null, error='Compilation failed: E:\projects\OMS2.0\test\testSpace\userCode.c: In function 'main':
E:\projects\OMS2.0\test\testSpace\userCode.c:6:28: error: expected ';' before '}' token
     printf("%d", a + b + c)
                            ^
                            ;
 }
 ~'}
2025-07-05T00:06:29.249+08:00 DEBUG 20740 --- [run] [           main] org.springframework.test.context.cache   : Spring test ApplicationContext cache statistics: [DefaultContextCache@173f73e7 size = 1, maxSize = 32, parentContextCount = 0, hitCount = 18, missCount = 1, failureCount = 0]
2025-07-05T00:06:29.249+08:00 DEBUG 20740 --- [run] [           main] org.springframework.test.context.cache   : Spring test ApplicationContext cache statistics: [DefaultContextCache@173f73e7 size = 1, maxSize = 32, parentContextCount = 0, hitCount = 19, missCount = 1, failureCount = 0]
2025-07-05T00:06:29.250+08:00 DEBUG 20740 --- [run] [           main] org.springframework.test.context.cache   : Spring test ApplicationContext cache statistics: [DefaultContextCache@173f73e7 size = 1, maxSize = 32, parentContextCount = 0, hitCount = 20, missCount = 1, failureCount = 0]
2025-07-05T00:06:29.250+08:00 DEBUG 20740 --- [run] [           main] org.springframework.test.context.cache   : Spring test ApplicationContext cache statistics: [DefaultContextCache@173f73e7 size = 1, maxSize = 32, parentContextCount = 0, hitCount = 21, missCount = 1, failureCount = 0]
2025-07-05T00:06:29.250+08:00 DEBUG 20740 --- [run] [           main] org.springframework.test.context.cache   : Spring test ApplicationContext cache statistics: [DefaultContextCache@173f73e7 size = 1, maxSize = 32, parentContextCount = 0, hitCount = 22, missCount = 1, failureCount = 0]
2025-07-05T00:06:29.250+08:00 DEBUG 20740 --- [run] [           main] org.springframework.test.context.cache   : Spring test ApplicationContext cache statistics: [DefaultContextCache@173f73e7 size = 1, maxSize = 32, parentContextCount = 0, hitCount = 23, missCount = 1, failureCount = 0]
2025-07-05T00:06:29.251+08:00 DEBUG 20740 --- [run] [           main] .c.s.DirtiesContextTestExecutionListener : After test method: class [RunServiceTest], method [testCode], class annotated with @DirtiesContext [false] with mode [null], method annotated with @DirtiesContext [false] with mode [null]
2025-07-05T00:06:29.251+08:00 DEBUG 20740 --- [run] [           main] o.s.t.c.w.ServletTestExecutionListener   : Resetting RequestContextHolder for test class RunServiceTest
]]></system-out>
  </testcase>
  <testcase name="testCode(int)[3]" classname="RunServiceTest" time="2.415">
    <system-out><![CDATA[2025-07-05T00:06:29.252+08:00 DEBUG 20740 --- [run] [           main] org.springframework.test.context.cache   : Spring test ApplicationContext cache statistics: [DefaultContextCache@173f73e7 size = 1, maxSize = 32, parentContextCount = 0, hitCount = 24, missCount = 1, failureCount = 0]
2025-07-05T00:06:29.253+08:00 DEBUG 20740 --- [run] [           main] o.s.t.c.w.ServletTestExecutionListener   : Setting up MockHttpServletRequest, MockHttpServletResponse, ServletWebRequest, and RequestContextHolder for test class RunServiceTest
2025-07-05T00:06:29.253+08:00 DEBUG 20740 --- [run] [           main] DependencyInjectionTestExecutionListener : Performing dependency injection for test class RunServiceTest
2025-07-05T00:06:29.253+08:00 DEBUG 20740 --- [run] [           main] org.springframework.test.context.cache   : Spring test ApplicationContext cache statistics: [DefaultContextCache@173f73e7 size = 1, maxSize = 32, parentContextCount = 0, hitCount = 25, missCount = 1, failureCount = 0]
2025-07-05T00:06:29.253+08:00 DEBUG 20740 --- [run] [           main] org.springframework.test.context.cache   : Spring test ApplicationContext cache statistics: [DefaultContextCache@173f73e7 size = 1, maxSize = 32, parentContextCount = 0, hitCount = 26, missCount = 1, failureCount = 0]
2025-07-05T00:06:29.254+08:00 DEBUG 20740 --- [run] [           main] sContextBeforeModesTestExecutionListener : Before test method: class [RunServiceTest], method [testCode], class annotated with @DirtiesContext [false] with mode [null], method annotated with @DirtiesContext [false] with mode [null]
2025-07-05T00:06:29.256+08:00 DEBUG 20740 --- [run] [           main] org.springframework.test.context.cache   : Spring test ApplicationContext cache statistics: [DefaultContextCache@173f73e7 size = 1, maxSize = 32, parentContextCount = 0, hitCount = 27, missCount = 1, failureCount = 0]
2025-07-05T00:06:29.256+08:00 DEBUG 20740 --- [run] [           main] org.springframework.test.context.cache   : Spring test ApplicationContext cache statistics: [DefaultContextCache@173f73e7 size = 1, maxSize = 32, parentContextCount = 0, hitCount = 28, missCount = 1, failureCount = 0]
2025-07-05T00:06:29.257+08:00 DEBUG 20740 --- [run] [           main] org.springframework.test.context.cache   : Spring test ApplicationContext cache statistics: [DefaultContextCache@173f73e7 size = 1, maxSize = 32, parentContextCount = 0, hitCount = 29, missCount = 1, failureCount = 0]
--------------3----------------
resultVO{status=0, data=null, error='Execution error'}
2025-07-05T00:06:31.667+08:00 DEBUG 20740 --- [run] [           main] org.springframework.test.context.cache   : Spring test ApplicationContext cache statistics: [DefaultContextCache@173f73e7 size = 1, maxSize = 32, parentContextCount = 0, hitCount = 30, missCount = 1, failureCount = 0]
2025-07-05T00:06:31.667+08:00 DEBUG 20740 --- [run] [           main] org.springframework.test.context.cache   : Spring test ApplicationContext cache statistics: [DefaultContextCache@173f73e7 size = 1, maxSize = 32, parentContextCount = 0, hitCount = 31, missCount = 1, failureCount = 0]
2025-07-05T00:06:31.667+08:00 DEBUG 20740 --- [run] [           main] org.springframework.test.context.cache   : Spring test ApplicationContext cache statistics: [DefaultContextCache@173f73e7 size = 1, maxSize = 32, parentContextCount = 0, hitCount = 32, missCount = 1, failureCount = 0]
2025-07-05T00:06:31.668+08:00 DEBUG 20740 --- [run] [           main] org.springframework.test.context.cache   : Spring test ApplicationContext cache statistics: [DefaultContextCache@173f73e7 size = 1, maxSize = 32, parentContextCount = 0, hitCount = 33, missCount = 1, failureCount = 0]
2025-07-05T00:06:31.668+08:00 DEBUG 20740 --- [run] [           main] org.springframework.test.context.cache   : Spring test ApplicationContext cache statistics: [DefaultContextCache@173f73e7 size = 1, maxSize = 32, parentContextCount = 0, hitCount = 34, missCount = 1, failureCount = 0]
2025-07-05T00:06:31.668+08:00 DEBUG 20740 --- [run] [           main] org.springframework.test.context.cache   : Spring test ApplicationContext cache statistics: [DefaultContextCache@173f73e7 size = 1, maxSize = 32, parentContextCount = 0, hitCount = 35, missCount = 1, failureCount = 0]
2025-07-05T00:06:31.668+08:00 DEBUG 20740 --- [run] [           main] .c.s.DirtiesContextTestExecutionListener : After test method: class [RunServiceTest], method [testCode], class annotated with @DirtiesContext [false] with mode [null], method annotated with @DirtiesContext [false] with mode [null]
2025-07-05T00:06:31.668+08:00 DEBUG 20740 --- [run] [           main] o.s.t.c.w.ServletTestExecutionListener   : Resetting RequestContextHolder for test class RunServiceTest
]]></system-out>
  </testcase>
</testsuite>